2012/09/01 14:54:32 [error] [php] date(): It is not safe to rely on the system's timezone settings. You are *required* to use the date.timezone setting or the date_default_timezone_set() function. In case you used any of those methods and you are still getting this warning, you most likely misspelled the timezone identifier. We selected 'Asia/Chongqing' for 'CST/8.0/no DST' instead (/Users/liangzhongyuan/Sites/freeimagining/protected/views/layouts/main.php:50)
Stack trace:
#0 /Users/liangzhongyuan/Sites/yii/framework/web/CBaseController.php(96): SiteController->renderInternal()
#1 /Users/liangzhongyuan/Sites/yii/framework/web/widgets/CContentDecorator.php(77): SiteController->renderFile()
#2 /Users/liangzhongyuan/Sites/yii/framework/web/widgets/CContentDecorator.php(55): CContentDecorator->decorate()
#3 /Users/liangzhongyuan/Sites/yii/framework/web/widgets/COutputProcessor.php(45): CContentDecorator->processOutput()
#4 /Users/liangzhongyuan/Sites/yii/framework/web/CBaseController.php(207): CContentDecorator->run()
#5 /Users/liangzhongyuan/Sites/yii/framework/web/CBaseController.php(301): SiteController->endWidget()
#6 /Users/liangzhongyuan/Sites/freeimagining/protected/views/layouts/column1.php(5): SiteController->endContent()
#7 /Users/liangzhongyuan/Sites/yii/framework/web/CBaseController.php(127): require()
#8 /Users/liangzhongyuan/Sites/yii/framework/web/CBaseController.php(96): SiteController->renderInternal()
#9 /Users/liangzhongyuan/Sites/yii/framework/web/CController.php(785): SiteController->renderFile()
#10 /Users/liangzhongyuan/Sites/freeimagining/protected/controllers/SiteController.php(32): SiteController->render()
#11 /Users/liangzhongyuan/Sites/yii/framework/web/actions/CInlineAction.php(50): SiteController->actionIndex()
#12 /Users/liangzhongyuan/Sites/yii/framework/web/CController.php(309): CInlineAction->runWithParams()
#13 /Users/liangzhongyuan/Sites/yii/framework/web/CController.php(287): SiteController->runAction()
#14 /Users/liangzhongyuan/Sites/yii/framework/web/CController.php(266): SiteController->runActionWithFilters()
#15 /Users/liangzhongyuan/Sites/yii/framework/web/CWebApplication.php(276): SiteController->run()
#16 /Users/liangzhongyuan/Sites/yii/framework/web/CWebApplication.php(135): CWebApplication->runController()
#17 /Users/liangzhongyuan/Sites/yii/framework/base/CApplication.php(162): CWebApplication->processRequest()
#18 /Users/liangzhongyuan/Sites/freeimagining/index.php(13): CWebApplication->run()
REQUEST_URI=/freeimagining/index.php
in /Users/liangzhongyuan/Sites/freeimagining/protected/views/layouts/main.php (50)
in /Users/liangzhongyuan/Sites/freeimagining/protected/views/layouts/column1.php (5)
in /Users/liangzhongyuan/Sites/freeimagining/protected/controllers/SiteController.php (32)
2012/09/01 15:00:35 [error] [exception.CHttpException.404] exception 'CHttpException' with message 'Unable to resolve the request "gii".' in /Users/liangzhongyuan/Sites/yii/framework/web/CWebApplication.php:280
Stack trace:
#0 /Users/liangzhongyuan/Sites/yii/framework/web/CWebApplication.php(135): CWebApplication->runController('gii')
#1 /Users/liangzhongyuan/Sites/yii/framework/base/CApplication.php(162): CWebApplication->processRequest()
#2 /Users/liangzhongyuan/Sites/freeimagining/index.php(13): CApplication->run()
#3 {main}
REQUEST_URI=/freeimagining/index.php?r=gii
---
2012/09/01 15:00:52 [error] [exception.CHttpException.404] exception 'CHttpException' with message 'Unable to resolve the request "gii".' in /Users/liangzhongyuan/Sites/yii/framework/web/CWebApplication.php:280
Stack trace:
#0 /Users/liangzhongyuan/Sites/yii/framework/web/CWebApplication.php(135): CWebApplication->runController('gii')
#1 /Users/liangzhongyuan/Sites/yii/framework/base/CApplication.php(162): CWebApplication->processRequest()
#2 /Users/liangzhongyuan/Sites/freeimagining/index.php(13): CApplication->run()
#3 {main}
REQUEST_URI=/freeimagining/index.php?r=gii
---
2012/09/01 15:00:56 [error] [php] date(): It is not safe to rely on the system's timezone settings. You are *required* to use the date.timezone setting or the date_default_timezone_set() function. In case you used any of those methods and you are still getting this warning, you most likely misspelled the timezone identifier. We selected 'Asia/Chongqing' for 'CST/8.0/no DST' instead (/Users/liangzhongyuan/Sites/freeimagining/protected/views/layouts/main.php:50)
Stack trace:
#0 /Users/liangzhongyuan/Sites/yii/framework/web/CBaseController.php(96): SiteController->renderInternal()
#1 /Users/liangzhongyuan/Sites/yii/framework/web/widgets/CContentDecorator.php(77): SiteController->renderFile()
#2 /Users/liangzhongyuan/Sites/yii/framework/web/widgets/CContentDecorator.php(55): CContentDecorator->decorate()
#3 /Users/liangzhongyuan/Sites/yii/framework/web/widgets/COutputProcessor.php(45): CContentDecorator->processOutput()
#4 /Users/liangzhongyuan/Sites/yii/framework/web/CBaseController.php(207): CContentDecorator->run()
#5 /Users/liangzhongyuan/Sites/yii/framework/web/CBaseController.php(301): SiteController->endWidget()
#6 /Users/liangzhongyuan/Sites/freeimagining/protected/views/layouts/column1.php(5): SiteController->endContent()
#7 /Users/liangzhongyuan/Sites/yii/framework/web/CBaseController.php(127): require()
#8 /Users/liangzhongyuan/Sites/yii/framework/web/CBaseController.php(96): SiteController->renderInternal()
#9 /Users/liangzhongyuan/Sites/yii/framework/web/CController.php(785): SiteController->renderFile()
#10 /Users/liangzhongyuan/Sites/freeimagining/protected/controllers/SiteController.php(32): SiteController->render()
#11 /Users/liangzhongyuan/Sites/yii/framework/web/actions/CInlineAction.php(50): SiteController->actionIndex()
#12 /Users/liangzhongyuan/Sites/yii/framework/web/CController.php(309): CInlineAction->runWithParams()
#13 /Users/liangzhongyuan/Sites/yii/framework/web/CController.php(287): SiteController->runAction()
#14 /Users/liangzhongyuan/Sites/yii/framework/web/CController.php(266): SiteController->runActionWithFilters()
#15 /Users/liangzhongyuan/Sites/yii/framework/web/CWebApplication.php(276): SiteController->run()
#16 /Users/liangzhongyuan/Sites/yii/framework/web/CWebApplication.php(135): CWebApplication->runController()
#17 /Users/liangzhongyuan/Sites/yii/framework/base/CApplication.php(162): CWebApplication->processRequest()
#18 /Users/liangzhongyuan/Sites/freeimagining/index.php(13): CWebApplication->run()
REQUEST_URI=/freeimagining/index.php?r=site/index
in /Users/liangzhongyuan/Sites/freeimagining/protected/views/layouts/main.php (50)
in /Users/liangzhongyuan/Sites/freeimagining/protected/views/layouts/column1.php (5)
in /Users/liangzhongyuan/Sites/freeimagining/protected/controllers/SiteController.php (32)
2012/09/01 15:04:58 [error] [exception.CHttpException.404] exception 'CHttpException' with message 'Unable to resolve the request "yii".' in /Users/liangzhongyuan/Sites/yii/framework/web/CWebApplication.php:280
Stack trace:
#0 /Users/liangzhongyuan/Sites/yii/framework/web/CWebApplication.php(135): CWebApplication->runController('yii')
#1 /Users/liangzhongyuan/Sites/yii/framework/base/CApplication.php(162): CWebApplication->processRequest()
#2 /Users/liangzhongyuan/Sites/freeimagining/index.php(14): CApplication->run()
#3 {main}
REQUEST_URI=/freeimagining/index.php?r=yii
---
2012/09/01 15:05:25 [error] [exception.CHttpException.404] exception 'CHttpException' with message 'The system is unable to find the requested action "yii".' in /Users/liangzhongyuan/Sites/yii/framework/web/CController.php:484
Stack trace:
#0 /Users/liangzhongyuan/Sites/yii/framework/web/CController.php(271): CController->missingAction('yii')
#1 /Users/liangzhongyuan/Sites/yii/framework/web/CWebApplication.php(276): CController->run('yii')
#2 /Users/liangzhongyuan/Sites/yii/framework/web/CWebApplication.php(135): CWebApplication->runController('site/yii')
#3 /Users/liangzhongyuan/Sites/yii/framework/base/CApplication.php(162): CWebApplication->processRequest()
#4 /Users/liangzhongyuan/Sites/freeimagining/index.php(14): CApplication->run()
#5 {main}
REQUEST_URI=/freeimagining/index.php?r=site/yii
---
2012/09/01 15:05:34 [error] [exception.CHttpException.404] exception 'CHttpException' with message 'Unable to resolve the request "yii/index".' in /Users/liangzhongyuan/Sites/yii/framework/web/CWebApplication.php:280
Stack trace:
#0 /Users/liangzhongyuan/Sites/yii/framework/web/CWebApplication.php(135): CWebApplication->runController('yii/index')
#1 /Users/liangzhongyuan/Sites/yii/framework/base/CApplication.php(162): CWebApplication->processRequest()
#2 /Users/liangzhongyuan/Sites/freeimagining/index.php(14): CApplication->run()
#3 {main}
REQUEST_URI=/freeimagining/index.php?r=yii/index
---
2012/12/28 16:32:00 [error] [exception.CHttpException.404] exception 'CHttpException' with message 'Unable to resolve the request "site".' in /Users/liangzhongyuan/Sites/yii/framework/web/CWebApplication.php:280
Stack trace:
#0 /Users/liangzhongyuan/Sites/yii/framework/web/CWebApplication.php(135): CWebApplication->runController('')
#1 /Users/liangzhongyuan/Sites/yii/framework/base/CApplication.php(162): CWebApplication->processRequest()
#2 /Users/liangzhongyuan/Sites/freeimagining/index.php(14): CApplication->run()
#3 {main}
REQUEST_URI=/freeimagining/index.php
---
2012/12/28 16:34:36 [error] [exception.CHttpException.404] exception 'CHttpException' with message 'Unable to resolve the request "site".' in /Users/liangzhongyuan/Sites/yii/framework/web/CWebApplication.php:280
Stack trace:
#0 /Users/liangzhongyuan/Sites/yii/framework/web/CWebApplication.php(135): CWebApplication->runController('')
#1 /Users/liangzhongyuan/Sites/yii/framework/base/CApplication.php(162): CWebApplication->processRequest()
#2 /Users/liangzhongyuan/Sites/freeimagining/index.php(14): CApplication->run()
#3 {main}
REQUEST_URI=/freeimagining/index.php
---
2012/12/28 16:36:14 [error] [exception.CHttpException.404] exception 'CHttpException' with message 'Unable to resolve the request "site".' in /Users/liangzhongyuan/Sites/yii/framework/web/CWebApplication.php:280
Stack trace:
#0 /Users/liangzhongyuan/Sites/yii/framework/web/CWebApplication.php(135): CWebApplication->runController('')
#1 /Users/liangzhongyuan/Sites/yii/framework/base/CApplication.php(162): CWebApplication->processRequest()
#2 /Users/liangzhongyuan/Sites/freeimagining/index.php(15): CApplication->run()
#3 {main}
REQUEST_URI=/freeimagining/index.php
---
2012/12/28 16:36:17 [error] [exception.CHttpException.404] exception 'CHttpException' with message 'Unable to resolve the request "site".' in /Users/liangzhongyuan/Sites/yii/framework/web/CWebApplication.php:280
Stack trace:
#0 /Users/liangzhongyuan/Sites/yii/framework/web/CWebApplication.php(135): CWebApplication->runController('')
#1 /Users/liangzhongyuan/Sites/yii/framework/base/CApplication.php(162): CWebApplication->processRequest()
#2 /Users/liangzhongyuan/Sites/freeimagining/index.php(15): CApplication->run()
#3 {main}
REQUEST_URI=/freeimagining/index.php
---
2012/12/28 16:40:49 [error] [exception.CHttpException.404] exception 'CHttpException' with message 'Unable to resolve the request "site".' in /Users/liangzhongyuan/Sites/yii/framework/web/CWebApplication.php:280
Stack trace:
#0 /Users/liangzhongyuan/Sites/yii/framework/web/CWebApplication.php(135): CWebApplication->runController('')
#1 /Users/liangzhongyuan/Sites/yii/framework/base/CApplication.php(162): CWebApplication->processRequest()
#2 /Users/liangzhongyuan/Sites/freeimagining/index.php(15): CApplication->run()
#3 {main}
REQUEST_URI=/freeimagining/index.php
---
2012/12/28 16:41:55 [error] [exception.CHttpException.404] exception 'CHttpException' with message 'Unable to resolve the request "site".' in /Users/liangzhongyuan/Sites/yii/framework/web/CWebApplication.php:280
Stack trace:
#0 /Users/liangzhongyuan/Sites/yii/framework/web/CWebApplication.php(135): CWebApplication->runController('')
#1 /Users/liangzhongyuan/Sites/yii/framework/base/CApplication.php(162): CWebApplication->processRequest()
#2 /Users/liangzhongyuan/Sites/freeimagining/index.php(15): CApplication->run()
#3 {main}
REQUEST_URI=/freeimagining/index.php
---
2012/12/28 16:43:18 [error] [exception.CHttpException.404] exception 'CHttpException' with message 'Unable to resolve the request "site".' in /Users/liangzhongyuan/Sites/yii/framework/web/CWebApplication.php:280
Stack trace:
#0 /Users/liangzhongyuan/Sites/yii/framework/web/CWebApplication.php(135): CWebApplication->runController('')
#1 /Users/liangzhongyuan/Sites/yii/framework/base/CApplication.php(162): CWebApplication->processRequest()
#2 /Users/liangzhongyuan/Sites/freeimagining/index.php(15): CApplication->run()
#3 {main}
REQUEST_URI=/freeimagining/index.php
---
2012/12/28 16:44:11 [error] [exception.CHttpException.404] exception 'CHttpException' with message 'Unable to resolve the request "site".' in /Users/liangzhongyuan/Sites/yii/framework/web/CWebApplication.php:280
Stack trace:
#0 /Users/liangzhongyuan/Sites/yii/framework/web/CWebApplication.php(135): CWebApplication->runController('')
#1 /Users/liangzhongyuan/Sites/yii/framework/base/CApplication.php(162): CWebApplication->processRequest()
#2 /Users/liangzhongyuan/Sites/freeimagining/index.php(15): CApplication->run()
#3 {main}
REQUEST_URI=/freeimagining/index.php
---
2012/12/28 16:57:05 [error] [exception.CHttpException.404] exception 'CHttpException' with message 'Unable to resolve the request "site".' in /Users/liangzhongyuan/Sites/yii/framework/web/CWebApplication.php:280
Stack trace:
#0 /Users/liangzhongyuan/Sites/yii/framework/web/CWebApplication.php(135): CWebApplication->runController('')
#1 /Users/liangzhongyuan/Sites/yii/framework/base/CApplication.php(162): CWebApplication->processRequest()
#2 /Users/liangzhongyuan/Sites/freeimagining/index.php(15): CApplication->run()
#3 {main}
REQUEST_URI=/freeimagining/index.php
---
